-------------------------------------------------------------------------------
Test set: pe.edu.pucp.prog03.webhookegestionusuariosda.AppTest
-------------------------------------------------------------------------------
<<<<<<< HEAD
<<<<<<< HEAD
Tests run: 1, Failures: 0, Errors: 0, Skipped: 0, Time elapsed: 0.034 s -- in pe.edu.pucp.prog03.webhookegestionusuariosda.AppTest
=======
Tests run: 1, Failures: 0, Errors: 0, Skipped: 0, Time elapsed: 0.061 s -- in pe.edu.pucp.prog03.webhookegestionusuariosda.AppTest
>>>>>>> origin/BranchAndres
=======
Tests run: 1, Failures: 0, Errors: 0, Skipped: 0, Time elapsed: 0.038 s -- in pe.edu.pucp.prog03.webhookegestionusuariosda.AppTest
>>>>>>> origin/BranchJefferson
